<?xml version="1.0" encoding="UTF-8"?>
<!-- Generated by org.testng.reporters.JUnitReportReporter -->
<testsuite hostname="DESKTOP-CJE9B9H" failures="0" tests="1" name="testCases.TC_001_AccountRegistration" time="3.665" errors="0" timestamp="2021-03-24T15:24:49 EDT" skipped="0">
  <testcase classname="testCases.TC_001_AccountRegistration" name="test_account_Registration" time="3.665"/>
  <system-out/>
</testsuite> <!-- testCases.TC_001_AccountRegistration -->
