<?xml version="1.0" encoding="UTF-8"?>
<!-- Generated by org.testng.reporters.JUnitReportReporter -->
<testsuite skipped="0" hostname="DESKTOP-CJE9B9H" name="testCases.TC_001_AccountRegistration" tests="1" failures="0" timestamp="2021-03-24T23:42:16 EDT" time="4.113" errors="0">
  <testcase name="test_account_Registration" time="4.113" classname="testCases.TC_001_AccountRegistration"/>
  <system-out/>
</testsuite> <!-- testCases.TC_001_AccountRegistration -->
